Change Component DesignItemId : Designator=C2 Old DesignItemId=Capacitor 0805 New DesignItemId=Capacitor ceramic 0805
Change Component DesignItemId : Designator=C3 Old DesignItemId=Capacitor 0805 New DesignItemId=Capacitor ceramic 0805
Change Component DesignItemId : Designator=C4 Old DesignItemId=Capacitor 0805 New DesignItemId=Capacitor ceramic 0805
Change Component DesignItemId : Designator=C6 Old DesignItemId=Capacitor 0805 New DesignItemId=Capacitor ceramic 0805
Change Component DesignItemId : Designator=C7 Old DesignItemId=Capacitor 0805 New DesignItemId=Capacitor ceramic 0805
Change Component DesignItemId : Designator=C8 Old DesignItemId=Capacitor 0805 New DesignItemId=Capacitor ceramic 0805
Change Component DesignItemId : Designator=C10 Old DesignItemId=Capacitor 0805 New DesignItemId=Capacitor ceramic 0805
Change Component DesignItemId : Designator=C11 Old DesignItemId=Capacitor 0805 New DesignItemId=Capacitor ceramic 0805
Change Component DesignItemId : Designator=C12 Old DesignItemId=capacitor SMD 100µF 25V New DesignItemId=capacitor THT radial tantalum
Change Component DesignItemId : Designator=C5 Old DesignItemId=condensator 0805 New DesignItemId=Capacitor ceramic 0805
Change Component DesignItemId : Designator=C13 Old DesignItemId=condensator 0805 New DesignItemId=Capacitor ceramic 0805
Change Component DesignItemId : Designator=C14 Old DesignItemId=condensator 0805 New DesignItemId=Capacitor ceramic 0805
Change Component DesignItemId : Designator=C15 Old DesignItemId=condensator 0805 New DesignItemId=Capacitor ceramic 0805
Change Component DesignItemId : Designator=C16 Old DesignItemId=condensator 0805 New DesignItemId=Capacitor ceramic 0805
Change Component Footprint: Designator=R1 Old Footprint=RESC2013X50X30LL20T20 New Footprint=RESC2012X50N
Change Component Footprint: Designator=R2 Old Footprint=RESC2013X50X30LL20T20 New Footprint=RESC2012X50N
Change Component Footprint: Designator=R3 Old Footprint=RESC2013X50X30LL20T20 New Footprint=RESC2012X50N
Change Component Footprint: Designator=R4 Old Footprint=RESC2013X50X30LL20T20 New Footprint=RESC2012X50N
Change Component Footprint: Designator=R5 Old Footprint=RESC2013X50X30LL20T20 New Footprint=RESC2012X50N
Change Component Footprint: Designator=R6 Old Footprint=RESC2013X50X30LL20T20 New Footprint=RESC2012X50N
Change Component Footprint: Designator=R7 Old Footprint=RESC2013X50X30LL20T20 New Footprint=RESC2012X50N
Change Component Footprint: Designator=R8 Old Footprint=RESC2013X50X30LL20T20 New Footprint=RESC2012X50N
Change Component Footprint: Designator=R9 Old Footprint=RESC2013X50X30LL20T20 New Footprint=RESC2012X50N
Change Component Footprint: Designator=R10 Old Footprint=RESC2013X50X30LL20T20 New Footprint=RESC2012X50N
Change Component Footprint: Designator=R11 Old Footprint=RESC2013X50X30LL20T20 New Footprint=RESC2012X50N
Change Component Footprint: Designator=R12 Old Footprint=RESC2013X50X30LL20T20 New Footprint=RESC2012X50N
Change Component Footprint: Designator=R13 Old Footprint=RESC2013X50X30LL20T20 New Footprint=RESC2012X50N
Change Component Footprint: Designator=R14 Old Footprint=RESC2013X50X30LL20T20 New Footprint=RESC2012X50N
Change Component Footprint: Designator=R15 Old Footprint=RESC2013X50X30LL20T20 New Footprint=RESC2012X50N
Change Component Footprint: Designator=R16 Old Footprint=RESC2013X50X30LL20T20 New Footprint=RESC2012X50N
Change Component Footprint: Designator=R17 Old Footprint=RESC2013X50X30LL20T20 New Footprint=RESC2012X50N
Change Component Footprint: Designator=R18 Old Footprint=RESC2013X50X30LL20T20 New Footprint=RESC2012X50N
Change Component Footprint: Designator=R19 Old Footprint=RESC2013X50X30LL20T20 New Footprint=RESC2012X50N
Change Component Footprint: Designator=R20 Old Footprint=RESC2013X50X30LL20T20 New Footprint=RESC2012X50N
Change Component Footprint: Designator=R21 Old Footprint=RESC2013X50X30LL20T20 New Footprint=RESC2012X50N
Change Component Footprint: Designator=R22 Old Footprint=RESC2013X50X30LL20T20 New Footprint=RESC2012X50N
Change Component Footprint: Designator=R23 Old Footprint=RESC2013X50X30LL20T20 New Footprint=RESC2012X50N
Change Component Footprint: Designator=R24 Old Footprint=RESC2013X50X30LL20T20 New Footprint=RESC2012X50N
Change Component Footprint: Designator=R25 Old Footprint=RESC2013X50X30LL20T20 New Footprint=RESC2012X50N
Change Component Comment : Designator=F1 Old Comment= New Comment=3A
Change Component Description : Designator=C12 Old Description=CAP TANT 100UF 10% 25V 2917CMP-03017-000022-1495X107K025ATE150 New Description=Tantalum Capacitors - Solid Leaded 50V 10uF 20% ESR=1.6 Ohm TAP106M050BRW
Change component parameters: Designator = "C12" ("C12"); Footprint = "TAP106M050BRW"; UniqueID = "\IJICCKLE" ("\IJICCKLE")
Change component parameters (AddParameter): Name = "Datasheet Link"; Value = "https://www.mouser.be/datasheet/2/40/tap-776819.pdf"; VariantName = "[No Variations]"
Change component parameters (AddParameter): Name = "Geometry.Height"; Value = "15.5mm"; VariantName = "[No Variations]"
Change component parameters (AddParameter): Name = "Manufacturer_Name"; Value = "Kyocera AVX"; VariantName = "[No Variations]"
Change component parameters (AddParameter): Name = "Manufacturer_Part_Number"; Value = "TAP106M050BRW"; VariantName = "[No Variations]"
Change component parameters (AddParameter): Name = "Mouser Part Number"; Value = "581-TAP106M050BRW"; VariantName = "[No Variations]"
Change component parameters (AddParameter): Name = "Mouser Price/Stock"; Value = "https://www.mouser.co.uk/ProductDetail/AVX/TAP106M050BRW?qs=GjEaAqXp9rZGx11KfVU76g%3D%3D"; VariantName = "[No Variations]"
